TN:
SF:lib/demos/linkedin_profile_page.dart
FNF:0
FNH:0
DA:8,1
DA:12,1
DA:19,1
DA:21,1
DA:22,1
DA:34,1
DA:36,2
DA:37,2
DA:38,2
DA:39,2
DA:40,2
DA:41,2
DA:42,1
DA:45,1
DA:46,3
DA:47,0
DA:51,1
DA:52,3
DA:53,3
DA:54,3
DA:55,3
DA:56,1
DA:57,3
DA:58,3
DA:61,1
DA:63,2
DA:64,0
DA:66,0
DA:71,1
DA:73,1
DA:74,1
DA:80,1
DA:81,1
DA:82,2
DA:83,0
DA:92,2
DA:93,0
DA:94,0
DA:96,0
DA:97,0
DA:106,1
DA:107,1
DA:108,1
DA:109,2
DA:110,1
DA:111,1
DA:112,1
DA:114,1
DA:115,1
DA:117,1
DA:120,1
DA:122,1
DA:132,1
DA:133,1
DA:134,1
DA:135,1
DA:137,1
DA:139,1
DA:140,1
DA:142,1
DA:143,1
DA:146,3
DA:149,2
DA:157,1
DA:159,1
DA:173,1
DA:174,1
DA:176,1
DA:177,2
DA:179,1
DA:180,1
DA:183,1
DA:184,1
DA:192,1
DA:194,1
DA:204,1
DA:205,1
DA:207,1
DA:209,1
DA:210,1
DA:212,1
DA:213,1
DA:216,3
DA:224,1
DA:226,1
DA:236,1
DA:237,1
DA:239,1
DA:240,2
DA:242,1
DA:243,1
DA:246,3
DA:254,1
DA:256,1
DA:270,1
DA:271,1
DA:272,1
DA:274,1
DA:276,1
DA:277,1
DA:279,1
DA:280,1
DA:283,1
DA:284,1
DA:287,1
DA:295,1
DA:297,1
DA:334,1
DA:336,1
DA:337,1
DA:339,1
DA:340,1
DA:348,1
DA:350,1
DA:351,1
DA:357,1
DA:358,1
DA:360,1
DA:366,1
DA:367,1
DA:368,1
DA:372,1
DA:373,0
DA:376,0
DA:377,0
DA:378,0
DA:390,1
DA:391,1
DA:392,1
DA:396,1
DA:397,0
DA:400,0
DA:401,0
DA:402,0
DA:414,1
DA:415,1
DA:416,1
DA:420,1
DA:421,0
DA:424,0
DA:425,0
DA:426,0
DA:438,1
DA:439,1
DA:441,1
DA:442,1
DA:453,1
DA:455,1
DA:465,1
DA:466,1
DA:468,1
DA:470,1
DA:471,1
DA:473,1
DA:474,1
DA:477,3
DA:485,1
DA:487,1
DA:488,1
DA:494,1
DA:495,1
DA:497,1
DA:498,1
DA:499,1
DA:500,1
DA:503,1
DA:504,1
DA:506,1
DA:507,1
DA:508,1
DA:519,1
DA:520,1
DA:521,1
DA:530,1
DA:531,1
DA:532,1
DA:535,1
DA:536,1
DA:538,1
DA:539,1
DA:551,1
DA:553,1
LF:182
LH:162
end_of_record
