SF:lib/cubit/customer_cubit.dart
DA:9,3
DA:12,4
DA:14,4
DA:16,4
DA:18,4
DA:20,4
DA:22,4
DA:24,4
DA:26,1
DA:28,5
DA:29,3
DA:30,3
DA:31,2
DA:32,2
DA:34,3
DA:38,1
DA:41,1
DA:42,0
DA:43,0
DA:49,2
DA:50,2
DA:53,1
DA:54,2
DA:55,2
DA:56,2
DA:57,2
DA:58,2
DA:59,2
DA:63,2
DA:65,1
DA:67,1
DA:68,1
DA:71,0
DA:72,0
DA:75,0
DA:77,0
DA:78,0
DA:79,0
DA:85,0
DA:86,0
DA:87,0
DA:88,0
DA:94,3
DA:95,3
DA:102,0
DA:103,0
LF:46
LH:32
end_of_record
SF:lib/cubit/customer_state.dart
DA:17,2
DA:30,1
DA:32,1
DA:44,1
DA:45,1
DA:46,1
DA:47,1
DA:48,1
DA:49,1
DA:50,1
DA:51,1
DA:52,1
DA:53,1
DA:54,1
DA:58,1
DA:59,1
DA:60,1
DA:61,1
DA:62,1
DA:63,1
DA:64,1
DA:65,1
DA:66,1
DA:67,1
DA:68,1
DA:69,1
LF:26
LH:26
end_of_record
SF:lib/demos/customer_details_page.dart
DA:10,1
DA:14,1
DA:21,1
DA:23,1
DA:24,1
DA:33,1
DA:35,2
DA:36,2
DA:37,2
DA:38,1
DA:41,1
DA:42,3
DA:43,3
DA:47,1
DA:48,3
DA:49,3
DA:50,3
DA:53,1
DA:54,2
DA:55,0
DA:57,0
DA:62,1
DA:64,1
DA:65,1
DA:71,1
DA:72,1
DA:73,2
DA:74,0
DA:83,2
DA:84,2
DA:85,1
DA:87,1
DA:88,1
DA:97,1
DA:98,1
DA:99,1
DA:100,2
DA:101,1
DA:102,1
DA:103,1
DA:105,1
DA:107,1
DA:109,1
DA:111,1
DA:148,1
DA:149,2
DA:151,1
DA:152,1
DA:159,1
DA:161,1
DA:171,1
DA:172,2
DA:173,1
DA:175,1
DA:176,2
DA:178,1
DA:179,1
DA:182,2
DA:189,1
DA:191,1
DA:204,1
DA:205,1
DA:206,1
DA:208,1
DA:210,1
DA:211,1
DA:213,1
DA:214,1
DA:217,2
DA:220,1
DA:227,1
DA:229,1
DA:240,1
DA:241,2
DA:242,1
DA:244,1
DA:245,2
DA:247,1
DA:248,1
DA:251,2
DA:259,1
DA:261,1
DA:262,1
DA:268,1
DA:269,1
DA:271,1
DA:277,1
DA:278,1
DA:279,1
DA:282,1
DA:283,1
DA:286,1
DA:287,1
DA:300,1
DA:301,1
DA:302,1
DA:305,1
DA:306,1
DA:309,1
DA:310,1
DA:311,1
DA:323,1
DA:324,1
DA:325,1
DA:328,1
DA:329,1
DA:332,1
DA:333,1
DA:334,1
DA:346,1
DA:347,1
DA:348,1
DA:358,1
DA:360,1
DA:361,1
DA:367,1
DA:368,1
DA:370,1
DA:371,1
DA:372,1
DA:373,1
DA:376,1
DA:377,1
DA:379,1
DA:380,1
DA:381,1
DA:392,1
DA:393,1
DA:394,1
DA:403,1
DA:404,1
DA:405,1
DA:408,1
DA:409,1
DA:411,1
DA:412,1
DA:424,1
DA:426,1
LF:138
LH:135
end_of_record
