SF:lib/cubit/buttons_cubit.dart
DA:11,3
DA:13,4
DA:15,4
DA:17,4
DA:19,4
DA:21,4
DA:23,4
DA:25,4
DA:27,0
DA:29,0
DA:31,3
DA:33,0
DA:36,0
DA:39,0
DA:40,0
DA:41,0
DA:47,0
DA:48,0
DA:51,0
DA:54,0
DA:57,0
DA:58,0
DA:59,0
DA:60,0
DA:61,0
DA:62,0
DA:63,0
DA:64,0
DA:68,0
DA:70,0
DA:71,0
DA:75,0
DA:76,0
DA:77,0
DA:79,0
DA:81,0
LF:36
LH:9
end_of_record
SF:lib/cubit/buttons_state.dart
DA:14,2
DA:28,1
DA:42,1
DA:55,1
DA:56,1
DA:57,1
DA:58,1
DA:59,1
DA:60,1
DA:61,1
DA:62,1
DA:63,2
DA:64,1
DA:67,1
DA:75,1
DA:76,0
DA:77,0
DA:84,0
DA:86,0
DA:87,0
DA:88,0
DA:89,0
DA:90,0
DA:95,0
DA:96,0
DA:97,0
LF:26
LH:15
end_of_record
SF:lib/demos/buttons_page.dart
DA:8,1
DA:11,1
DA:12,1
DA:23,1
DA:25,1
DA:26,3
DA:29,1
DA:31,2
DA:32,2
DA:33,2
DA:34,1
DA:37,1
DA:39,1
DA:40,1
DA:41,1
DA:43,1
DA:45,7
DA:46,0
DA:47,0
DA:48,0
DA:49,0
DA:51,0
DA:53,0
DA:55,0
DA:56,0
DA:57,0
DA:63,0
DA:64,0
DA:66,0
DA:73,0
DA:75,0
DA:76,0
DA:77,0
DA:78,0
DA:80,0
DA:81,0
DA:82,0
DA:90,1
DA:91,1
DA:93,4
DA:94,0
DA:95,0
DA:97,4
DA:98,0
DA:99,0
DA:101,1
DA:103,1
DA:104,1
DA:105,1
DA:108,1
DA:109,1
DA:111,1
DA:118,3
DA:119,1
DA:120,1
DA:121,2
DA:125,1
DA:127,1
DA:134,3
DA:135,1
DA:136,1
DA:137,2
DA:142,1
DA:150,3
DA:151,1
DA:156,1
DA:157,1
DA:158,2
DA:166,1
DA:168,1
DA:169,1
DA:175,1
DA:176,1
DA:178,1
DA:179,1
DA:183,1
DA:185,1
DA:187,1
DA:188,1
DA:191,1
DA:192,1
DA:193,1
DA:194,2
DA:200,1
DA:202,1
DA:203,1
DA:206,1
DA:207,1
DA:208,1
DA:209,2
DA:215,1
DA:217,1
DA:218,1
DA:221,1
DA:222,1
DA:223,1
DA:224,2
DA:232,1
DA:233,1
DA:235,1
DA:236,1
DA:237,1
DA:238,3
DA:247,1
DA:249,1
DA:250,1
DA:256,1
DA:257,1
DA:259,1
DA:260,1
DA:264,1
DA:266,1
DA:268,1
DA:269,1
DA:272,1
DA:273,1
DA:274,1
DA:275,2
DA:281,1
DA:283,1
DA:284,1
DA:287,1
DA:288,1
DA:289,1
DA:290,2
DA:298,1
DA:299,1
DA:301,1
DA:302,1
DA:303,1
DA:304,3
DA:313,1
DA:315,1
DA:316,1
DA:322,1
DA:323,1
DA:325,1
DA:326,1
DA:330,1
DA:332,1
DA:334,1
DA:335,1
DA:338,1
DA:339,1
DA:340,1
DA:341,2
DA:347,1
DA:349,1
DA:350,1
DA:353,1
DA:354,1
DA:355,1
DA:356,2
DA:362,1
DA:364,1
DA:365,1
DA:368,1
DA:369,1
DA:370,1
DA:371,2
DA:379,1
DA:380,1
DA:382,1
DA:383,1
DA:384,1
DA:385,3
DA:396,1
DA:402,1
DA:417,3
DA:418,2
DA:450,1
DA:451,1
DA:454,1
DA:455,1
DA:456,1
DA:458,1
DA:460,3
DA:462,0
DA:482,1
DA:483,0
DA:485,0
DA:487,0
LF:182
LH:154
end_of_record
